<?xml version="1.0" encoding="UTF-8"?>
<testsuite name="InMemoryCacheTest" tests="7" skipped="0" failures="0" errors="0" timestamp="2025-02-02T06:17:40" hostname="Abhisheks-MacBook-Pro.local" time="12.052">
  <properties/>
  <testcase name="testGet_noValuePresent" classname="InMemoryCacheTest" time="0.022"/>
  <testcase name="testGet_valuePresent" classname="InMemoryCacheTest" time="0.005"/>
  <testcase name="test_valueNotExpiredBeforeExpiryTime" classname="InMemoryCacheTest" time="2.004"/>
  <testcase name="testGet_updateValue" classname="InMemoryCacheTest" time="0.001"/>
  <testcase name="test_valueExpired_fetchFromDb" classname="InMemoryCacheTest" time="10.002"/>
  <testcase name="test_putMoreThanMaxSizeConcurrent" classname="InMemoryCacheTest" time="0.015"/>
  <testcase name="test_cacheMiss_dbHit" classname="InMemoryCacheTest" time="0.0"/>
  <system-out><![CDATA[Error occurred while fetching value : entry not found
error occurred while removing entry, :null
error occurred while removing entry, :null
error occurred while removing entry, :null
error occurred while removing entry, :null
error occurred while removing entry, :null
error occurred while removing entry, :null
error occurred while removing entry, :null
error occurred while removing entry, :null
error occurred while removing entry, :null
error occurred while removing entry, :null
error occurred while removing entry, :null
error occurred while removing entry, :null
error occurred while removing entry, :null
error occurred while removing entry, :null
error occurred while removing entry, :null
error occurred while removing entry, :null
error occurred while removing entry, :null
error occurred while removing entry, :null
error occurred while removing entry, :null
error occurred while removing entry, :null
error occurred while removing entry, :null
error occurred while removing entry, :null
error occurred while removing entry, :null
error occurred while removing entry, :null
]]></system-out>
  <system-err><![CDATA[]]></system-err>
</testsuite>
